<?xml version="1.0" encoding="UTF-8"?>
<!-- Generated by org.testng.reporters.JUnitXMLReporter -->
<testsuite hostname="LAPTOP-FI9TONEK" ignored="2" name="Test" tests="2" failures="1" timestamp="31 May 2020 11:11:33 GMT" time="5.911" errors="0">
  <testcase name="GoogleHome" time="5.402" classname="tests.GoogleHomeTest"/>
  <testcase name="searchResult" time="0.074" classname="tests.SearchResultTest">
    <failure type="java.lang.AssertionError" message="expected [Gmail - Google Search0] but found [Gmail - Google Search]">
      <![CDATA[java.lang.AssertionError: expected [Gmail - Google Search0] but found [Gmail - Google Search]
at common.BaseTest.validateTitle(BaseTest.java:31)
at tests.SearchResultTest.searchResult(SearchResultTest.java:12)
... Removed 31 stack frames]]>
    </failure>
  </testcase> <!-- searchResult -->
  <testcase name="@BeforeSuite beforeSuite" time="0.0" classname="common.BaseTest">
    <ignored/>
  </testcase> <!-- @BeforeSuite beforeSuite -->
  <testcase name="@AfterSuite afterSuite" time="0.0" classname="common.BaseTest">
    <ignored/>
  </testcase> <!-- @AfterSuite afterSuite -->
</testsuite> <!-- Test -->
